<?xml version="1.0" encoding="UTF-8"?>
<!-- Generated by org.testng.reporters.JUnitXMLReporter -->
<testsuite ignored="3" hostname="DESKTOP-01SO12T" failures="0" tests="1" name="Default test" time="29.956" errors="0" timestamp="2023-09-27T12:46:08 IST">
  <testcase classname="test.Test_2o" name="test1" time="8.871"/>
  <testcase classname="test.Test_2o" name="test2" time="0.0">
    <ignored/>
  </testcase> <!-- test2 -->
  <testcase classname="test.Test_2o" name="test3" time="0.0">
    <ignored/>
  </testcase> <!-- test3 -->
  <testcase classname="test.Test_2o" name="test4" time="0.0">
    <ignored/>
  </testcase> <!-- test4 -->
</testsuite> <!-- Default test -->
