<?xml version="1.0" encoding="UTF-8"?>
<testng-results ignored="0" total="10" passed="9" failed="1" skipped="0">
  <reporter-output>
  </reporter-output>
  <suite started-at="2023-09-27T15:41:26 IST" name="Suite" finished-at="2023-09-27T15:44:12 IST" duration-ms="166346">
    <groups>
    </groups>
    <test started-at="2023-09-27T15:41:26 IST" name="Test" finished-at="2023-09-27T15:44:12 IST" duration-ms="166346">
      <class name="test.AMzonSeach">
        <test-method signature="testSearch()[pri:0, instance:test.AMzonSeach@563f38c4]" started-at="2023-09-27T15:41:26 IST" name="testSearch" finished-at="2023-09-27T15:42:06 IST" duration-ms="40225" status="PASS">
          <reporter-output>
          </reporter-output>
        </test-method> <!-- testSearch -->
      </class> <!-- test.AMzonSeach -->
      <class name="test.Test_2o">
        <test-method is-config="true" signature="init()[pri:0, instance:test.Test_2o@31ea9581]" started-at="2023-09-27T15:43:22 IST" name="init" finished-at="2023-09-27T15:43:30 IST" duration-ms="8350" status="PASS">
          <reporter-output>
          </reporter-output>
        </test-method> <!-- init -->
        <test-method signature="test1()[pri:0, instance:test.Test_2o@31ea9581]" started-at="2023-09-27T15:43:30 IST" name="test1" finished-at="2023-09-27T15:43:36 IST" duration-ms="5392" status="PASS">
          <reporter-output>
          </reporter-output>
        </test-method> <!-- test1 -->
        <test-method is-config="true" signature="tearup()[pri:0, instance:test.Test_2o@31ea9581]" started-at="2023-09-27T15:43:36 IST" name="tearup" finished-at="2023-09-27T15:43:36 IST" duration-ms="202" status="PASS">
          <reporter-output>
          </reporter-output>
        </test-method> <!-- tearup -->
        <test-method is-config="true" signature="init()[pri:0, instance:test.Test_2o@31ea9581]" started-at="2023-09-27T15:43:36 IST" name="init" finished-at="2023-09-27T15:43:44 IST" duration-ms="8697" status="PASS">
          <reporter-output>
          </reporter-output>
        </test-method> <!-- init -->
        <test-method signature="test2()[pri:0, instance:test.Test_2o@31ea9581]" started-at="2023-09-27T15:43:44 IST" name="test2" finished-at="2023-09-27T15:43:49 IST" duration-ms="4841" status="FAIL">
          <exception class="org.openqa.selenium.UnhandledAlertException">
            <message>
              <![CDATA[unexpected alert open: {Alert text : User or Password is not valid}
  (Session info: headless chrome=117.0.5938.92): User or Password is not valid
Build info: version: '4.11.0', revision: '040bc5406b'
System info: os.name: 'Windows 10', os.arch: 'amd64', os.version: '10.0', java.version: '11.0.18'
Driver info: org.openqa.selenium.chrome.ChromeDriver
Command: [a0db1e39f7471f0d90931bd8a31f25ff, findElement {using=xpath, value=//td[contains(text(),'mngr528304')]}]
Capabilities {acceptInsecureCerts: false, browserName: chrome, browserVersion: 117.0.5938.92, chrome: {chromedriverVersion: 116.0.5845.96 (1a3918166880..., userDataDir: C:\Users\anant\AppData\Loca...}, fedcm:accounts: true, goog:chromeOptions: {debuggerAddress: localhost:60454}, networkConnectionEnabled: false, pageLoadStrategy: normal, platformName: windows, proxy: Proxy(), se:cdp: ws://localhost:60454/devtoo..., se:cdpVersion: 117.0.5938.92, setWindowRect: true, strictFileInteractability: false, timeouts: {implicit: 0, pageLoad: 300000, script: 30000}, unhandledPromptBehavior: dismiss and notify, webauthn:extension:credBlob: true, webauthn:extension:largeBlob: true, webauthn:extension:minPinLength: true, webauthn:extension:prf: true, webauthn:virtualAuthenticators: true}
Session ID: a0db1e39f7471f0d90931bd8a31f25ff]]>
            </message>
            <full-stacktrace>
              <![CDATA[org.openqa.selenium.UnhandledAlertException: unexpected alert open: {Alert text : User or Password is not valid}
  (Session info: headless chrome=117.0.5938.92): User or Password is not valid
Build info: version: '4.11.0', revision: '040bc5406b'
System info: os.name: 'Windows 10', os.arch: 'amd64', os.version: '10.0', java.version: '11.0.18'
Driver info: org.openqa.selenium.chrome.ChromeDriver
Command: [a0db1e39f7471f0d90931bd8a31f25ff, findElement {using=xpath, value=//td[contains(text(),'mngr528304')]}]
Capabilities {acceptInsecureCerts: false, browserName: chrome, browserVersion: 117.0.5938.92, chrome: {chromedriverVersion: 116.0.5845.96 (1a3918166880..., userDataDir: C:\Users\anant\AppData\Loca...}, fedcm:accounts: true, goog:chromeOptions: {debuggerAddress: localhost:60454}, networkConnectionEnabled: false, pageLoadStrategy: normal, platformName: windows, proxy: Proxy(), se:cdp: ws://localhost:60454/devtoo..., se:cdpVersion: 117.0.5938.92, setWindowRect: true, strictFileInteractability: false, timeouts: {implicit: 0, pageLoad: 300000, script: 30000}, unhandledPromptBehavior: dismiss and notify, webauthn:extension:credBlob: true, webauthn:extension:largeBlob: true, webauthn:extension:minPinLength: true, webauthn:extension:prf: true, webauthn:virtualAuthenticators: true}
Session ID: a0db1e39f7471f0d90931bd8a31f25ff
at org.openqa.selenium.remote.codec.w3c.W3CHttpResponseCodec.decode(W3CHttpResponseCodec.java:131)
at org.openqa.selenium.remote.codec.w3c.W3CHttpResponseCodec.decode(W3CHttpResponseCodec.java:52)
at org.openqa.selenium.remote.HttpCommandExecutor.execute(HttpCommandExecutor.java:191)
at org.openqa.selenium.remote.service.DriverCommandExecutor.invokeExecute(DriverCommandExecutor.java:196)
at org.openqa.selenium.remote.service.DriverCommandExecutor.execute(DriverCommandExecutor.java:171)
at org.openqa.selenium.remote.RemoteWebDriver.execute(RemoteWebDriver.java:518)
at org.openqa.selenium.remote.ElementLocation$ElementFinder$2.findElement(ElementLocation.java:165)
at org.openqa.selenium.remote.ElementLocation.findElement(ElementLocation.java:59)
at org.openqa.selenium.remote.RemoteWebDriver.findElement(RemoteWebDriver.java:355)
at org.openqa.selenium.remote.RemoteWebDriver.findElement(RemoteWebDriver.java:349)
at test.Test_2o.test2(Test_2o.java:72)
at java.base/jdk.internal.reflect.NativeMethodAccessorImpl.invoke0(Native Method)
at java.base/jdk.internal.reflect.NativeMethodAccessorImpl.invoke(NativeMethodAccessorImpl.java:62)
at java.base/jdk.internal.reflect.DelegatingMethodAccessorImpl.invoke(DelegatingMethodAccessorImpl.java:43)
at java.base/java.lang.reflect.Method.invoke(Method.java:566)
at org.testng.internal.invokers.MethodInvocationHelper.invokeMethod(MethodInvocationHelper.java:139)
at org.testng.internal.invokers.TestInvoker.invokeMethod(TestInvoker.java:677)
at org.testng.internal.invokers.TestInvoker.invokeTestMethod(TestInvoker.java:221)
at org.testng.internal.invokers.MethodRunner.runInSequence(MethodRunner.java:50)
at org.testng.internal.invokers.TestInvoker$MethodInvocationAgent.invoke(TestInvoker.java:969)
at org.testng.internal.invokers.TestInvoker.invokeTestMethods(TestInvoker.java:194)
at org.testng.internal.invokers.TestMethodWorker.invokeTestMethods(TestMethodWorker.java:148)
at org.testng.internal.invokers.TestMethodWorker.run(TestMethodWorker.java:128)
at java.base/java.util.ArrayList.forEach(ArrayList.java:1541)
at org.testng.TestRunner.privateRun(TestRunner.java:829)
at org.testng.TestRunner.run(TestRunner.java:602)
at org.testng.SuiteRunner.runTest(SuiteRunner.java:437)
at org.testng.SuiteRunner.runSequentially(SuiteRunner.java:431)
at org.testng.SuiteRunner.privateRun(SuiteRunner.java:391)
at org.testng.SuiteRunner.run(SuiteRunner.java:330)
at org.testng.SuiteRunnerWorker.runSuite(SuiteRunnerWorker.java:52)
at org.testng.SuiteRunnerWorker.run(SuiteRunnerWorker.java:95)
at org.testng.TestNG.runSuitesSequentially(TestNG.java:1256)
at org.testng.TestNG.runSuitesLocally(TestNG.java:1176)
at org.testng.TestNG.runSuites(TestNG.java:1099)
at org.testng.TestNG.run(TestNG.java:1067)
at org.apache.maven.surefire.testng.TestNGExecutor.run(TestNGExecutor.java:284)
at org.apache.maven.surefire.testng.TestNGXmlTestSuite.execute(TestNGXmlTestSuite.java:75)
at org.apache.maven.surefire.testng.TestNGProvider.invoke(TestNGProvider.java:119)
at org.apache.maven.surefire.booter.ForkedBooter.runSuitesInProcess(ForkedBooter.java:428)
at org.apache.maven.surefire.booter.ForkedBooter.execute(ForkedBooter.java:162)
at org.apache.maven.surefire.booter.ForkedBooter.run(ForkedBooter.java:562)
at org.apache.maven.surefire.booter.ForkedBooter.main(ForkedBooter.java:548)
]]>
            </full-stacktrace>
          </exception> <!-- org.openqa.selenium.UnhandledAlertException -->
          <reporter-output>
          </reporter-output>
        </test-method> <!-- test2 -->
        <test-method is-config="true" signature="tearup()[pri:0, instance:test.Test_2o@31ea9581]" started-at="2023-09-27T15:43:49 IST" name="tearup" finished-at="2023-09-27T15:43:49 IST" duration-ms="162" status="PASS">
          <reporter-output>
          </reporter-output>
        </test-method> <!-- tearup -->
        <test-method is-config="true" signature="init()[pri:0, instance:test.Test_2o@31ea9581]" started-at="2023-09-27T15:43:49 IST" name="init" finished-at="2023-09-27T15:43:56 IST" duration-ms="6345" status="PASS">
          <reporter-output>
          </reporter-output>
        </test-method> <!-- init -->
        <test-method signature="test3()[pri:0, instance:test.Test_2o@31ea9581]" started-at="2023-09-27T15:43:56 IST" name="test3" finished-at="2023-09-27T15:44:00 IST" duration-ms="4382" status="PASS">
          <reporter-output>
          </reporter-output>
        </test-method> <!-- test3 -->
        <test-method is-config="true" signature="tearup()[pri:0, instance:test.Test_2o@31ea9581]" started-at="2023-09-27T15:44:00 IST" name="tearup" finished-at="2023-09-27T15:44:00 IST" duration-ms="187" status="PASS">
          <reporter-output>
          </reporter-output>
        </test-method> <!-- tearup -->
        <test-method is-config="true" signature="init()[pri:0, instance:test.Test_2o@31ea9581]" started-at="2023-09-27T15:44:00 IST" name="init" finished-at="2023-09-27T15:44:07 IST" duration-ms="6848" status="PASS">
          <reporter-output>
          </reporter-output>
        </test-method> <!-- init -->
        <test-method signature="test4()[pri:0, instance:test.Test_2o@31ea9581]" started-at="2023-09-27T15:44:07 IST" name="test4" finished-at="2023-09-27T15:44:12 IST" duration-ms="4596" status="PASS">
          <reporter-output>
          </reporter-output>
        </test-method> <!-- test4 -->
        <test-method is-config="true" signature="tearup()[pri:0, instance:test.Test_2o@31ea9581]" started-at="2023-09-27T15:44:12 IST" name="tearup" finished-at="2023-09-27T15:44:12 IST" duration-ms="226" status="PASS">
          <reporter-output>
          </reporter-output>
        </test-method> <!-- tearup -->
      </class> <!-- test.Test_2o -->
      <class name="test.Test2">
        <test-method is-config="true" signature="init()[pri:0, instance:test.Test2@6440112d]" started-at="2023-09-27T15:42:29 IST" name="init" finished-at="2023-09-27T15:42:39 IST" duration-ms="9849" status="PASS">
          <reporter-output>
          </reporter-output>
        </test-method> <!-- init -->
        <test-method signature="test2(java.lang.String,java.lang.String)[pri:0, instance:test.Test2@6440112d]" started-at="2023-09-27T15:42:39 IST" name="test2" data-provider="excelData" finished-at="2023-09-27T15:42:45 IST" duration-ms="5472" status="PASS">
          <params>
            <param index="0">
              <value>
                <![CDATA[mngr528304]]>
              </value>
            </param>
            <param index="1">
              <value>
                <![CDATA[ebaveba]]>
              </value>
            </param>
          </params>
          <reporter-output>
          </reporter-output>
        </test-method> <!-- test2 -->
        <test-method is-config="true" signature="tearup()[pri:0, instance:test.Test2@6440112d]" started-at="2023-09-27T15:42:45 IST" name="tearup" finished-at="2023-09-27T15:42:45 IST" duration-ms="374" status="PASS">
          <reporter-output>
          </reporter-output>
        </test-method> <!-- tearup -->
        <test-method is-config="true" signature="init()[pri:0, instance:test.Test2@6440112d]" started-at="2023-09-27T15:42:45 IST" name="init" finished-at="2023-09-27T15:42:53 IST" duration-ms="7724" status="PASS">
          <reporter-output>
          </reporter-output>
        </test-method> <!-- init -->
        <test-method signature="test2(java.lang.String,java.lang.String)[pri:0, instance:test.Test2@6440112d]" started-at="2023-09-27T15:42:53 IST" name="test2" data-provider="excelData" finished-at="2023-09-27T15:42:57 IST" duration-ms="4330" status="PASS">
          <params>
            <param index="0">
              <value>
                <![CDATA[lkngm304]]>
              </value>
            </param>
            <param index="1">
              <value>
                <![CDATA[ebaveba]]>
              </value>
            </param>
          </params>
          <reporter-output>
          </reporter-output>
        </test-method> <!-- test2 -->
        <test-method is-config="true" signature="tearup()[pri:0, instance:test.Test2@6440112d]" started-at="2023-09-27T15:42:57 IST" name="tearup" finished-at="2023-09-27T15:42:57 IST" duration-ms="248" status="PASS">
          <reporter-output>
          </reporter-output>
        </test-method> <!-- tearup -->
        <test-method is-config="true" signature="init()[pri:0, instance:test.Test2@6440112d]" started-at="2023-09-27T15:42:57 IST" name="init" finished-at="2023-09-27T15:43:06 IST" duration-ms="8254" status="PASS">
          <reporter-output>
          </reporter-output>
        </test-method> <!-- init -->
        <test-method signature="test2(java.lang.String,java.lang.String)[pri:0, instance:test.Test2@6440112d]" started-at="2023-09-27T15:43:06 IST" name="test2" data-provider="excelData" finished-at="2023-09-27T15:43:10 IST" duration-ms="4261" status="PASS">
          <params>
            <param index="0">
              <value>
                <![CDATA[lkngm304]]>
              </value>
            </param>
            <param index="1">
              <value>
                <![CDATA[sjdhsssv]]>
              </value>
            </param>
          </params>
          <reporter-output>
          </reporter-output>
        </test-method> <!-- test2 -->
        <test-method is-config="true" signature="tearup()[pri:0, instance:test.Test2@6440112d]" started-at="2023-09-27T15:43:10 IST" name="tearup" finished-at="2023-09-27T15:43:10 IST" duration-ms="188" status="PASS">
          <reporter-output>
          </reporter-output>
        </test-method> <!-- tearup -->
        <test-method is-config="true" signature="init()[pri:0, instance:test.Test2@6440112d]" started-at="2023-09-27T15:43:10 IST" name="init" finished-at="2023-09-27T15:43:17 IST" duration-ms="7186" status="PASS">
          <reporter-output>
          </reporter-output>
        </test-method> <!-- init -->
        <test-method signature="test2(java.lang.String,java.lang.String)[pri:0, instance:test.Test2@6440112d]" started-at="2023-09-27T15:43:17 IST" name="test2" data-provider="excelData" finished-at="2023-09-27T15:43:22 IST" duration-ms="4302" status="PASS">
          <params>
            <param index="0">
              <value>
                <![CDATA[mngr528304]]>
              </value>
            </param>
            <param index="1">
              <value>
                <![CDATA[sjdhsssv]]>
              </value>
            </param>
          </params>
          <reporter-output>
          </reporter-output>
        </test-method> <!-- test2 -->
        <test-method is-config="true" signature="tearup()[pri:0, instance:test.Test2@6440112d]" started-at="2023-09-27T15:43:22 IST" name="tearup" finished-at="2023-09-27T15:43:22 IST" duration-ms="203" status="PASS">
          <reporter-output>
          </reporter-output>
        </test-method> <!-- tearup -->
      </class> <!-- test.Test2 -->
      <class name="test.Test1">
        <test-method is-config="true" signature="init()[pri:0, instance:test.Test1@4be29ed9]" started-at="2023-09-27T15:42:06 IST" name="init" finished-at="2023-09-27T15:42:20 IST" duration-ms="14148" status="PASS">
          <reporter-output>
          </reporter-output>
        </test-method> <!-- init -->
        <test-method signature="test1()[pri:0, instance:test.Test1@4be29ed9]" started-at="2023-09-27T15:42:20 IST" name="test1" finished-at="2023-09-27T15:42:25 IST" duration-ms="4668" status="PASS">
          <reporter-output>
          </reporter-output>
        </test-method> <!-- test1 -->
        <test-method is-config="true" signature="tearup()[pri:0, instance:test.Test1@4be29ed9]" started-at="2023-09-27T15:42:25 IST" name="tearup" finished-at="2023-09-27T15:42:26 IST" duration-ms="887" status="PASS">
          <reporter-output>
          </reporter-output>
        </test-method> <!-- tearup -->
      </class> <!-- test.Test1 -->
    </test> <!-- Test -->
  </suite> <!-- Suite -->
</testng-results>
