<?xml version="1.0" encoding="UTF-8"?>
<testng-results ignored="3" total="4" passed="1" failed="0" skipped="0">
  <reporter-output>
  </reporter-output>
  <suite started-at="2023-09-27T12:45:38 IST" name="Default suite" finished-at="2023-09-27T12:46:08 IST" duration-ms="29956">
    <groups>
    </groups>
    <test started-at="2023-09-27T12:45:38 IST" name="Default test" finished-at="2023-09-27T12:46:08 IST" duration-ms="29956">
      <class name="test.Test_2o">
        <test-method is-config="true" signature="init()[pri:0, instance:test.Test_2o@79e4c792]" started-at="2023-09-27T12:45:38 IST" name="init" finished-at="2023-09-27T12:45:58 IST" duration-ms="20328" status="PASS">
          <reporter-output>
          </reporter-output>
        </test-method> <!-- init -->
        <test-method signature="test1()[pri:0, instance:test.Test_2o@79e4c792]" started-at="2023-09-27T12:45:58 IST" name="test1" finished-at="2023-09-27T12:46:07 IST" duration-ms="8871" status="PASS">
          <reporter-output>
          </reporter-output>
        </test-method> <!-- test1 -->
        <test-method is-config="true" signature="tearup()[pri:0, instance:test.Test_2o@79e4c792]" started-at="2023-09-27T12:46:07 IST" name="tearup" finished-at="2023-09-27T12:46:08 IST" duration-ms="615" status="PASS">
          <reporter-output>
          </reporter-output>
        </test-method> <!-- tearup -->
      </class> <!-- test.Test_2o -->
    </test> <!-- Default test -->
  </suite> <!-- Default suite -->
</testng-results>
